01:32:01 GET: /api/tasks user-agent: PostmanRuntime/7.29.0
01:32:14 GET: /api/tasks user-agent: PostmanRuntime/7.29.0
01:32:21 POST: /api/tasks user-agent: PostmanRuntime/7.29.0
01:55:05 GET: / user-agent: PostmanRuntime/7.29.0
02:33:30 GET: /tasks/error user-agent: PostmanRuntime/7.29.0
02:33:54 GET: /tasks/ user-agent: PostmanRuntime/7.29.0
02:33:55 GET: /tasks/ user-agent: PostmanRuntime/7.29.0
02:34:32 GET: /tasks/ user-agent: PostmanRuntime/7.29.0
02:34:32 GET: /tasks/ user-agent: PostmanRuntime/7.29.0
02:35:32 GET: /tasks/ user-agent: PostmanRuntime/7.29.0
02:35:44 GET: /tasks/ user-agent: PostmanRuntime/7.29.0
02:37:08 GET: /tasks/ user-agent: PostmanRuntime/7.29.0
02:37:51 GET: /tasks/ user-agent: PostmanRuntime/7.29.0
02:38:11 GET: /tasks/ user-agent: PostmanRuntime/7.29.0
02:38:19 GET: /tasks user-agent: PostmanRuntime/7.29.0
02:38:26 GET: /api/tasks user-agent: PostmanRuntime/7.29.0
02:38:27 GET: /api/tasks user-agent: PostmanRuntime/7.29.0
02:38:28 GET: /api/tasks user-agent: PostmanRuntime/7.29.0
02:38:29 GET: /api/tasks user-agent: PostmanRuntime/7.29.0
02:38:30 GET: /api/tasks user-agent: PostmanRuntime/7.29.0
02:39:01 GET: /api/tasks user-agent: PostmanRuntime/7.29.0
02:39:10 GET: /api/tasks user-agent: PostmanRuntime/7.29.0
02:39:11 GET: /api/tasks user-agent: PostmanRuntime/7.29.0
02:39:12 GET: /api/tasks user-agent: PostmanRuntime/7.29.0
02:39:13 GET: /api/tasks user-agent: PostmanRuntime/7.29.0
02:39:13 GET: /api/tasks user-agent: PostmanRuntime/7.29.0
02:39:14 GET: /api/tasks user-agent: PostmanRuntime/7.29.0
02:39:21 GET: /api/tasks/error user-agent: PostmanRuntime/7.29.0
02:39:26 GET: /tasks/error user-agent: PostmanRuntime/7.29.0
02:39:34 GET: /tasks/error user-agent: PostmanRuntime/7.29.0
02:41:26 GET: /tasks/error user-agent: PostmanRuntime/7.29.0
02:41:47 GET: /api/tasks/error user-agent: PostmanRuntime/7.29.0
02:47:58 POST: /api/tasks/upload-img user-agent: PostmanRuntime/7.29.0
02:48:52 POST: /api/tasks/upload-img user-agent: PostmanRuntime/7.29.0
02:49:50 POST: /api/tasks/upload-img user-agent: PostmanRuntime/7.29.0
02:49:51 POST: /api/tasks/upload-img user-agent: PostmanRuntime/7.29.0
02:50:19 GET: /api/tasks/123/download-img user-agent: PostmanRuntime/7.29.0
02:50:41 GET: /api/tasks/123/download-img user-agent: PostmanRuntime/7.29.0
02:50:42 GET: /api/tasks/123/download-img user-agent: PostmanRuntime/7.29.0
02:51:19 GET: /api/tasks/123/download-img user-agent: PostmanRuntime/7.29.0
02:51:20 GET: /api/tasks/123/download-img user-agent: PostmanRuntime/7.29.0
02:51:31 GET: /api/tasks/123/download-img user-agent: PostmanRuntime/7.29.0
02:51:32 GET: /api/tasks/123/download-img user-agent: PostmanRuntime/7.29.0
02:52:50 GET: /api/tasks/123/download-img user-agent: PostmanRuntime/7.29.0
02:53:44 GET: /public/demo.png user-agent: PostmanRuntime/7.29.0
02:53:54 GET: /public/img/demo.png user-agent: PostmanRuntime/7.29.0
02:54:15 GET: /public/img/demsdfo.png user-agent: PostmanRuntime/7.29.0
02:54:21 GET: /public/img/demo.png user-agent: PostmanRuntime/7.29.0
